<?xml version="1.0" encoding="UTF-8"?>
<testsuite name="autotests.tests.DuckActionsTestFly" tests="3" skipped="0" failures="3" errors="0" timestamp="2025-01-30T15:31:10" hostname="DESKTOP-QAOLIJ0" time="3.148">
  <properties/>
  <testcase name="successfulFly[0](null)" classname="autotests.tests.DuckActionsTestFly" time="2.639">
    <failure message="com.consol.citrus.exceptions.TestCaseFailedException: Failed to validate JSON text:&#13;&#10;{&quot;message&quot;:&quot;I am flying :)&quot;} Values not equal for entry: 'message', expected 'I’m flying' but was 'I am flying :)'" type="com.consol.citrus.exceptions.TestCaseFailedException">com.consol.citrus.exceptions.TestCaseFailedException: Failed to validate JSON text:
{&quot;message&quot;:&quot;I am flying :)&quot;} Values not equal for entry: 'message', expected 'I’m flying' but was 'I am flying :)'
	at app//com.consol.citrus.DefaultTestCase.executeAction(DefaultTestCase.java:143)
	at app//com.consol.citrus.DefaultTestCaseRunner.run(DefaultTestCaseRunner.java:125)
	at app//com.consol.citrus.TestActionRunner.$(TestActionRunner.java:35)
	at app//autotests.clients.DuckClient.validateResponse(DuckClient.java:141)
	at app//autotests.tests.DuckActionsTestFly.successfulFly(DuckActionsTestFly.java:31)
	at java.base@11.0.25/jdk.internal.reflect.NativeMethodAccessorImpl.invoke0(Native Method)
	at java.base@11.0.25/jdk.internal.reflect.NativeMethodAccessorImpl.invoke(NativeMethodAccessorImpl.java:62)
	at java.base@11.0.25/jdk.internal.reflect.DelegatingMethodAccessorImpl.invoke(DelegatingMethodAccessorImpl.java:43)
	at java.base@11.0.25/java.lang.reflect.Method.invoke(Method.java:566)
	at app//org.springframework.util.ReflectionUtils.invokeMethod(ReflectionUtils.java:282)
	at app//com.consol.citrus.testng.TestNGHelper.lambda$invokeTestMethod$1(TestNGHelper.java:82)
	at app//com.consol.citrus.common.DefaultTestLoader.lambda$doLoad$1(DefaultTestLoader.java:116)
	at java.base@11.0.25/java.util.ArrayList.forEach(ArrayList.java:1541)
	at app//com.consol.citrus.common.DefaultTestLoader.doLoad(DefaultTestLoader.java:116)
	at app//com.consol.citrus.common.DefaultTestLoader.load(DefaultTestLoader.java:94)
	at app//com.consol.citrus.testng.TestNGHelper.invokeTestMethod(TestNGHelper.java:83)
	at app//com.consol.citrus.testng.spring.TestNGCitrusSpringSupport.run(TestNGCitrusSpringSupport.java:185)
	at app//com.consol.citrus.testng.spring.TestNGCitrusSpringSupport.run(TestNGCitrusSpringSupport.java:101)
	at app//org.testng.internal.invokers.MethodInvocationHelper.invokeHookable(MethodInvocationHelper.java:272)
	at app//org.testng.internal.invokers.TestInvoker.invokeMethod(TestInvoker.java:669)
	at app//org.testng.internal.invokers.TestInvoker.invokeTestMethod(TestInvoker.java:221)
	at app//org.testng.internal.invokers.MethodRunner.runInSequence(MethodRunner.java:50)
	at app//org.testng.internal.invokers.TestInvoker$MethodInvocationAgent.invoke(TestInvoker.java:969)
	at app//org.testng.internal.invokers.TestInvoker.invokeTestMethods(TestInvoker.java:194)
	at app//org.testng.internal.invokers.TestMethodWorker.invokeTestMethods(TestMethodWorker.java:148)
	at app//org.testng.internal.invokers.TestMethodWorker.run(TestMethodWorker.java:128)
	at java.base@11.0.25/java.util.ArrayList.forEach(ArrayList.java:1541)
	at app//org.testng.TestRunner.privateRun(TestRunner.java:829)
	at app//org.testng.TestRunner.run(TestRunner.java:602)
	at app//org.testng.SuiteRunner.runTest(SuiteRunner.java:437)
	at app//org.testng.SuiteRunner.runSequentially(SuiteRunner.java:431)
	at app//org.testng.SuiteRunner.privateRun(SuiteRunner.java:391)
	at app//org.testng.SuiteRunner.run(SuiteRunner.java:330)
	at app//org.testng.SuiteRunnerWorker.runSuite(SuiteRunnerWorker.java:52)
	at app//org.testng.SuiteRunnerWorker.run(SuiteRunnerWorker.java:95)
	at app//org.testng.TestNG.runSuitesSequentially(TestNG.java:1256)
	at app//org.testng.TestNG.runSuitesLocally(TestNG.java:1176)
	at app//org.testng.TestNG.runSuites(TestNG.java:1099)
	at app//org.testng.TestNG.run(TestNG.java:1067)
	at org.gradle.api.internal.tasks.testing.testng.TestNGTestClassProcessor.runTests(TestNGTestClassProcessor.java:153)
	at org.gradle.api.internal.tasks.testing.testng.TestNGTestClassProcessor.stop(TestNGTestClassProcessor.java:96)
	at org.gradle.api.internal.tasks.testing.SuiteTestClassProcessor.stop(SuiteTestClassProcessor.java:62)
	at java.base@11.0.25/jdk.internal.reflect.NativeMethodAccessorImpl.invoke0(Native Method)
	at java.base@11.0.25/jdk.internal.reflect.NativeMethodAccessorImpl.invoke(NativeMethodAccessorImpl.java:62)
	at java.base@11.0.25/jdk.internal.reflect.DelegatingMethodAccessorImpl.invoke(DelegatingMethodAccessorImpl.java:43)
	at java.base@11.0.25/java.lang.reflect.Method.invoke(Method.java:566)
	at org.gradle.internal.dispatch.ReflectionDispatch.dispatch(ReflectionDispatch.java:36)
	at org.gradle.internal.dispatch.ReflectionDispatch.dispatch(ReflectionDispatch.java:24)
	at org.gradle.internal.dispatch.ContextClassLoaderDispatch.dispatch(ContextClassLoaderDispatch.java:33)
	at org.gradle.internal.dispatch.ProxyDispatchAdapter$DispatchingInvocationHandler.invoke(ProxyDispatchAdapter.java:94)
	at com.sun.proxy.$Proxy2.stop(Unknown Source)
	at org.gradle.api.internal.tasks.testing.worker.TestWorker$3.run(TestWorker.java:193)
	at org.gradle.api.internal.tasks.testing.worker.TestWorker.executeAndMaintainThreadName(TestWorker.java:129)
	at org.gradle.api.internal.tasks.testing.worker.TestWorker.execute(TestWorker.java:100)
	at org.gradle.api.internal.tasks.testing.worker.TestWorker.execute(TestWorker.java:60)
	at org.gradle.process.internal.worker.child.ActionExecutionWorker.execute(ActionExecutionWorker.java:56)
	at org.gradle.process.internal.worker.child.SystemApplicationClassLoaderWorker.call(SystemApplicationClassLoaderWorker.java:119)
	at org.gradle.process.internal.worker.child.SystemApplicationClassLoaderWorker.call(SystemApplicationClassLoaderWorker.java:66)
	at app//worker.org.gradle.process.internal.worker.GradleWorkerMain.run(GradleWorkerMain.java:69)
	at app//worker.org.gradle.process.internal.worker.GradleWorkerMain.main(GradleWorkerMain.java:74)
Caused by: com.consol.citrus.exceptions.ValidationException: Failed to validate JSON text:
{&quot;message&quot;:&quot;I am flying :)&quot;} Values not equal for entry: 'message', expected 'I’m flying' but was 'I am flying :)'
	at app//com.consol.citrus.validation.json.JsonTextMessageValidator.validateMessage(JsonTextMessageValidator.java:114)
	at app//com.consol.citrus.validation.json.JsonTextMessageValidator.validateMessage(JsonTextMessageValidator.java:58)
	at app//com.consol.citrus.validation.AbstractMessageValidator.validateMessage(AbstractMessageValidator.java:46)
	at app//com.consol.citrus.actions.ReceiveMessageAction.validateMessage(ReceiveMessageAction.java:279)
	at app//com.consol.citrus.actions.ReceiveMessageAction.doExecute(ReceiveMessageAction.java:168)
	at app//com.consol.citrus.actions.AbstractTestAction.execute(AbstractTestAction.java:59)
	at app//com.consol.citrus.DefaultTestCase.executeAction(DefaultTestCase.java:136)
	... 59 more
Caused by: java.lang.IllegalArgumentException: Values not equal for entry: 'message', expected 'I’m flying' but was 'I am flying :)'
	at org.springframework.util.Assert.isTrue(Assert.java:121)
	at com.consol.citrus.validation.json.JsonTextMessageValidator.validateJson(JsonTextMessageValidator.java:211)
	at com.consol.citrus.validation.json.JsonTextMessageValidator.validateMessage(JsonTextMessageValidator.java:102)
	... 65 more
</failure>
  </testcase>
  <testcase name="unsuccessfulFly[0](null)" classname="autotests.tests.DuckActionsTestFly" time="0.17">
    <failure message="com.consol.citrus.exceptions.TestCaseFailedException: Failed to validate JSON text:&#13;&#10;{&quot;message&quot;:&quot;I can not fly :C&quot;} Values not equal for entry: 'message', expected 'I can’t fly' but was 'I can not fly :C'" type="com.consol.citrus.exceptions.TestCaseFailedException">com.consol.citrus.exceptions.TestCaseFailedException: Failed to validate JSON text:
{&quot;message&quot;:&quot;I can not fly :C&quot;} Values not equal for entry: 'message', expected 'I can’t fly' but was 'I can not fly :C'
	at app//com.consol.citrus.DefaultTestCase.executeAction(DefaultTestCase.java:143)
	at app//com.consol.citrus.DefaultTestCaseRunner.run(DefaultTestCaseRunner.java:125)
	at app//com.consol.citrus.TestActionRunner.$(TestActionRunner.java:35)
	at app//autotests.clients.DuckClient.validateResponse(DuckClient.java:141)
	at app//autotests.tests.DuckActionsTestFly.unsuccessfulFly(DuckActionsTestFly.java:44)
	at java.base@11.0.25/jdk.internal.reflect.NativeMethodAccessorImpl.invoke0(Native Method)
	at java.base@11.0.25/jdk.internal.reflect.NativeMethodAccessorImpl.invoke(NativeMethodAccessorImpl.java:62)
	at java.base@11.0.25/jdk.internal.reflect.DelegatingMethodAccessorImpl.invoke(DelegatingMethodAccessorImpl.java:43)
	at java.base@11.0.25/java.lang.reflect.Method.invoke(Method.java:566)
	at app//org.springframework.util.ReflectionUtils.invokeMethod(ReflectionUtils.java:282)
	at app//com.consol.citrus.testng.TestNGHelper.lambda$invokeTestMethod$1(TestNGHelper.java:82)
	at app//com.consol.citrus.common.DefaultTestLoader.lambda$doLoad$1(DefaultTestLoader.java:116)
	at java.base@11.0.25/java.util.ArrayList.forEach(ArrayList.java:1541)
	at app//com.consol.citrus.common.DefaultTestLoader.doLoad(DefaultTestLoader.java:116)
	at app//com.consol.citrus.common.DefaultTestLoader.load(DefaultTestLoader.java:94)
	at app//com.consol.citrus.testng.TestNGHelper.invokeTestMethod(TestNGHelper.java:83)
	at app//com.consol.citrus.testng.spring.TestNGCitrusSpringSupport.run(TestNGCitrusSpringSupport.java:185)
	at app//com.consol.citrus.testng.spring.TestNGCitrusSpringSupport.run(TestNGCitrusSpringSupport.java:101)
	at app//org.testng.internal.invokers.MethodInvocationHelper.invokeHookable(MethodInvocationHelper.java:272)
	at app//org.testng.internal.invokers.TestInvoker.invokeMethod(TestInvoker.java:669)
	at app//org.testng.internal.invokers.TestInvoker.invokeTestMethod(TestInvoker.java:221)
	at app//org.testng.internal.invokers.MethodRunner.runInSequence(MethodRunner.java:50)
	at app//org.testng.internal.invokers.TestInvoker$MethodInvocationAgent.invoke(TestInvoker.java:969)
	at app//org.testng.internal.invokers.TestInvoker.invokeTestMethods(TestInvoker.java:194)
	at app//org.testng.internal.invokers.TestMethodWorker.invokeTestMethods(TestMethodWorker.java:148)
	at app//org.testng.internal.invokers.TestMethodWorker.run(TestMethodWorker.java:128)
	at java.base@11.0.25/java.util.ArrayList.forEach(ArrayList.java:1541)
	at app//org.testng.TestRunner.privateRun(TestRunner.java:829)
	at app//org.testng.TestRunner.run(TestRunner.java:602)
	at app//org.testng.SuiteRunner.runTest(SuiteRunner.java:437)
	at app//org.testng.SuiteRunner.runSequentially(SuiteRunner.java:431)
	at app//org.testng.SuiteRunner.privateRun(SuiteRunner.java:391)
	at app//org.testng.SuiteRunner.run(SuiteRunner.java:330)
	at app//org.testng.SuiteRunnerWorker.runSuite(SuiteRunnerWorker.java:52)
	at app//org.testng.SuiteRunnerWorker.run(SuiteRunnerWorker.java:95)
	at app//org.testng.TestNG.runSuitesSequentially(TestNG.java:1256)
	at app//org.testng.TestNG.runSuitesLocally(TestNG.java:1176)
	at app//org.testng.TestNG.runSuites(TestNG.java:1099)
	at app//org.testng.TestNG.run(TestNG.java:1067)
	at org.gradle.api.internal.tasks.testing.testng.TestNGTestClassProcessor.runTests(TestNGTestClassProcessor.java:153)
	at org.gradle.api.internal.tasks.testing.testng.TestNGTestClassProcessor.stop(TestNGTestClassProcessor.java:96)
	at org.gradle.api.internal.tasks.testing.SuiteTestClassProcessor.stop(SuiteTestClassProcessor.java:62)
	at java.base@11.0.25/jdk.internal.reflect.NativeMethodAccessorImpl.invoke0(Native Method)
	at java.base@11.0.25/jdk.internal.reflect.NativeMethodAccessorImpl.invoke(NativeMethodAccessorImpl.java:62)
	at java.base@11.0.25/jdk.internal.reflect.DelegatingMethodAccessorImpl.invoke(DelegatingMethodAccessorImpl.java:43)
	at java.base@11.0.25/java.lang.reflect.Method.invoke(Method.java:566)
	at org.gradle.internal.dispatch.ReflectionDispatch.dispatch(ReflectionDispatch.java:36)
	at org.gradle.internal.dispatch.ReflectionDispatch.dispatch(ReflectionDispatch.java:24)
	at org.gradle.internal.dispatch.ContextClassLoaderDispatch.dispatch(ContextClassLoaderDispatch.java:33)
	at org.gradle.internal.dispatch.ProxyDispatchAdapter$DispatchingInvocationHandler.invoke(ProxyDispatchAdapter.java:94)
	at com.sun.proxy.$Proxy2.stop(Unknown Source)
	at org.gradle.api.internal.tasks.testing.worker.TestWorker$3.run(TestWorker.java:193)
	at org.gradle.api.internal.tasks.testing.worker.TestWorker.executeAndMaintainThreadName(TestWorker.java:129)
	at org.gradle.api.internal.tasks.testing.worker.TestWorker.execute(TestWorker.java:100)
	at org.gradle.api.internal.tasks.testing.worker.TestWorker.execute(TestWorker.java:60)
	at org.gradle.process.internal.worker.child.ActionExecutionWorker.execute(ActionExecutionWorker.java:56)
	at org.gradle.process.internal.worker.child.SystemApplicationClassLoaderWorker.call(SystemApplicationClassLoaderWorker.java:119)
	at org.gradle.process.internal.worker.child.SystemApplicationClassLoaderWorker.call(SystemApplicationClassLoaderWorker.java:66)
	at app//worker.org.gradle.process.internal.worker.GradleWorkerMain.run(GradleWorkerMain.java:69)
	at app//worker.org.gradle.process.internal.worker.GradleWorkerMain.main(GradleWorkerMain.java:74)
Caused by: com.consol.citrus.exceptions.ValidationException: Failed to validate JSON text:
{&quot;message&quot;:&quot;I can not fly :C&quot;} Values not equal for entry: 'message', expected 'I can’t fly' but was 'I can not fly :C'
	at app//com.consol.citrus.validation.json.JsonTextMessageValidator.validateMessage(JsonTextMessageValidator.java:114)
	at app//com.consol.citrus.validation.json.JsonTextMessageValidator.validateMessage(JsonTextMessageValidator.java:58)
	at app//com.consol.citrus.validation.AbstractMessageValidator.validateMessage(AbstractMessageValidator.java:46)
	at app//com.consol.citrus.actions.ReceiveMessageAction.validateMessage(ReceiveMessageAction.java:279)
	at app//com.consol.citrus.actions.ReceiveMessageAction.doExecute(ReceiveMessageAction.java:168)
	at app//com.consol.citrus.actions.AbstractTestAction.execute(AbstractTestAction.java:59)
	at app//com.consol.citrus.DefaultTestCase.executeAction(DefaultTestCase.java:136)
	... 59 more
Caused by: java.lang.IllegalArgumentException: Values not equal for entry: 'message', expected 'I can’t fly' but was 'I can not fly :C'
	at org.springframework.util.Assert.isTrue(Assert.java:121)
	at com.consol.citrus.validation.json.JsonTextMessageValidator.validateJson(JsonTextMessageValidator.java:211)
	at com.consol.citrus.validation.json.JsonTextMessageValidator.validateMessage(JsonTextMessageValidator.java:102)
	... 65 more
</failure>
  </testcase>
  <testcase name="unsuccessfulFly2[0](null)" classname="autotests.tests.DuckActionsTestFly" time="0.166">
    <failure message="com.consol.citrus.exceptions.TestCaseFailedException: Failed to validate JSON text:&#13;&#10;{&quot;message&quot;:&quot;Wings are not detected :(&quot;} Values not equal for entry: 'message', expected 'I can’t fly' but was 'Wings are not detected :('" type="com.consol.citrus.exceptions.TestCaseFailedException">com.consol.citrus.exceptions.TestCaseFailedException: Failed to validate JSON text:
{&quot;message&quot;:&quot;Wings are not detected :(&quot;} Values not equal for entry: 'message', expected 'I can’t fly' but was 'Wings are not detected :('
	at app//com.consol.citrus.DefaultTestCase.executeAction(DefaultTestCase.java:143)
	at app//com.consol.citrus.DefaultTestCaseRunner.run(DefaultTestCaseRunner.java:125)
	at app//com.consol.citrus.TestActionRunner.$(TestActionRunner.java:35)
	at app//autotests.clients.DuckClient.validateResponse(DuckClient.java:141)
	at app//autotests.tests.DuckActionsTestFly.unsuccessfulFly2(DuckActionsTestFly.java:57)
	at java.base@11.0.25/jdk.internal.reflect.NativeMethodAccessorImpl.invoke0(Native Method)
	at java.base@11.0.25/jdk.internal.reflect.NativeMethodAccessorImpl.invoke(NativeMethodAccessorImpl.java:62)
	at java.base@11.0.25/jdk.internal.reflect.DelegatingMethodAccessorImpl.invoke(DelegatingMethodAccessorImpl.java:43)
	at java.base@11.0.25/java.lang.reflect.Method.invoke(Method.java:566)
	at app//org.springframework.util.ReflectionUtils.invokeMethod(ReflectionUtils.java:282)
	at app//com.consol.citrus.testng.TestNGHelper.lambda$invokeTestMethod$1(TestNGHelper.java:82)
	at app//com.consol.citrus.common.DefaultTestLoader.lambda$doLoad$1(DefaultTestLoader.java:116)
	at java.base@11.0.25/java.util.ArrayList.forEach(ArrayList.java:1541)
	at app//com.consol.citrus.common.DefaultTestLoader.doLoad(DefaultTestLoader.java:116)
	at app//com.consol.citrus.common.DefaultTestLoader.load(DefaultTestLoader.java:94)
	at app//com.consol.citrus.testng.TestNGHelper.invokeTestMethod(TestNGHelper.java:83)
	at app//com.consol.citrus.testng.spring.TestNGCitrusSpringSupport.run(TestNGCitrusSpringSupport.java:185)
	at app//com.consol.citrus.testng.spring.TestNGCitrusSpringSupport.run(TestNGCitrusSpringSupport.java:101)
	at app//org.testng.internal.invokers.MethodInvocationHelper.invokeHookable(MethodInvocationHelper.java:272)
	at app//org.testng.internal.invokers.TestInvoker.invokeMethod(TestInvoker.java:669)
	at app//org.testng.internal.invokers.TestInvoker.invokeTestMethod(TestInvoker.java:221)
	at app//org.testng.internal.invokers.MethodRunner.runInSequence(MethodRunner.java:50)
	at app//org.testng.internal.invokers.TestInvoker$MethodInvocationAgent.invoke(TestInvoker.java:969)
	at app//org.testng.internal.invokers.TestInvoker.invokeTestMethods(TestInvoker.java:194)
	at app//org.testng.internal.invokers.TestMethodWorker.invokeTestMethods(TestMethodWorker.java:148)
	at app//org.testng.internal.invokers.TestMethodWorker.run(TestMethodWorker.java:128)
	at java.base@11.0.25/java.util.ArrayList.forEach(ArrayList.java:1541)
	at app//org.testng.TestRunner.privateRun(TestRunner.java:829)
	at app//org.testng.TestRunner.run(TestRunner.java:602)
	at app//org.testng.SuiteRunner.runTest(SuiteRunner.java:437)
	at app//org.testng.SuiteRunner.runSequentially(SuiteRunner.java:431)
	at app//org.testng.SuiteRunner.privateRun(SuiteRunner.java:391)
	at app//org.testng.SuiteRunner.run(SuiteRunner.java:330)
	at app//org.testng.SuiteRunnerWorker.runSuite(SuiteRunnerWorker.java:52)
	at app//org.testng.SuiteRunnerWorker.run(SuiteRunnerWorker.java:95)
	at app//org.testng.TestNG.runSuitesSequentially(TestNG.java:1256)
	at app//org.testng.TestNG.runSuitesLocally(TestNG.java:1176)
	at app//org.testng.TestNG.runSuites(TestNG.java:1099)
	at app//org.testng.TestNG.run(TestNG.java:1067)
	at org.gradle.api.internal.tasks.testing.testng.TestNGTestClassProcessor.runTests(TestNGTestClassProcessor.java:153)
	at org.gradle.api.internal.tasks.testing.testng.TestNGTestClassProcessor.stop(TestNGTestClassProcessor.java:96)
	at org.gradle.api.internal.tasks.testing.SuiteTestClassProcessor.stop(SuiteTestClassProcessor.java:62)
	at java.base@11.0.25/jdk.internal.reflect.NativeMethodAccessorImpl.invoke0(Native Method)
	at java.base@11.0.25/jdk.internal.reflect.NativeMethodAccessorImpl.invoke(NativeMethodAccessorImpl.java:62)
	at java.base@11.0.25/jdk.internal.reflect.DelegatingMethodAccessorImpl.invoke(DelegatingMethodAccessorImpl.java:43)
	at java.base@11.0.25/java.lang.reflect.Method.invoke(Method.java:566)
	at org.gradle.internal.dispatch.ReflectionDispatch.dispatch(ReflectionDispatch.java:36)
	at org.gradle.internal.dispatch.ReflectionDispatch.dispatch(ReflectionDispatch.java:24)
	at org.gradle.internal.dispatch.ContextClassLoaderDispatch.dispatch(ContextClassLoaderDispatch.java:33)
	at org.gradle.internal.dispatch.ProxyDispatchAdapter$DispatchingInvocationHandler.invoke(ProxyDispatchAdapter.java:94)
	at com.sun.proxy.$Proxy2.stop(Unknown Source)
	at org.gradle.api.internal.tasks.testing.worker.TestWorker$3.run(TestWorker.java:193)
	at org.gradle.api.internal.tasks.testing.worker.TestWorker.executeAndMaintainThreadName(TestWorker.java:129)
	at org.gradle.api.internal.tasks.testing.worker.TestWorker.execute(TestWorker.java:100)
	at org.gradle.api.internal.tasks.testing.worker.TestWorker.execute(TestWorker.java:60)
	at org.gradle.process.internal.worker.child.ActionExecutionWorker.execute(ActionExecutionWorker.java:56)
	at org.gradle.process.internal.worker.child.SystemApplicationClassLoaderWorker.call(SystemApplicationClassLoaderWorker.java:119)
	at org.gradle.process.internal.worker.child.SystemApplicationClassLoaderWorker.call(SystemApplicationClassLoaderWorker.java:66)
	at app//worker.org.gradle.process.internal.worker.GradleWorkerMain.run(GradleWorkerMain.java:69)
	at app//worker.org.gradle.process.internal.worker.GradleWorkerMain.main(GradleWorkerMain.java:74)
Caused by: com.consol.citrus.exceptions.ValidationException: Failed to validate JSON text:
{&quot;message&quot;:&quot;Wings are not detected :(&quot;} Values not equal for entry: 'message', expected 'I can’t fly' but was 'Wings are not detected :('
	at app//com.consol.citrus.validation.json.JsonTextMessageValidator.validateMessage(JsonTextMessageValidator.java:114)
	at app//com.consol.citrus.validation.json.JsonTextMessageValidator.validateMessage(JsonTextMessageValidator.java:58)
	at app//com.consol.citrus.validation.AbstractMessageValidator.validateMessage(AbstractMessageValidator.java:46)
	at app//com.consol.citrus.actions.ReceiveMessageAction.validateMessage(ReceiveMessageAction.java:279)
	at app//com.consol.citrus.actions.ReceiveMessageAction.doExecute(ReceiveMessageAction.java:168)
	at app//com.consol.citrus.actions.AbstractTestAction.execute(AbstractTestAction.java:59)
	at app//com.consol.citrus.DefaultTestCase.executeAction(DefaultTestCase.java:136)
	... 59 more
Caused by: java.lang.IllegalArgumentException: Values not equal for entry: 'message', expected 'I can’t fly' but was 'Wings are not detected :('
	at org.springframework.util.Assert.isTrue(Assert.java:121)
	at com.consol.citrus.validation.json.JsonTextMessageValidator.validateJson(JsonTextMessageValidator.java:211)
	at com.consol.citrus.validation.json.JsonTextMessageValidator.validateMessage(JsonTextMessageValidator.java:102)
	... 65 more
</failure>
  </testcase>
  <system-out><![CDATA[22:31:10,473 DEBUG   util.TypeConverter| Using type converter 'spring'
22:31:10,583 INFO  port.LoggingReporter| 
22:31:10,583 INFO  port.LoggingReporter| ------------------------------------------------------------------------
22:31:10,598 DEBUG port.LoggingReporter| STARTING TEST DuckActionsTestFly.successfulFly <autotests.tests>
22:31:10,598 INFO  port.LoggingReporter| 
22:31:10,598 DEBUG trus.DefaultTestCase| Initializing test case
22:31:10,598 DEBUG  context.TestContext| Setting variable: citrus.test.name with value: 'DuckActionsTestFly.successfulFly'
22:31:10,614 DEBUG  context.TestContext| Setting variable: citrus.test.package with value: 'autotests.tests'
22:31:10,614 DEBUG trus.DefaultTestCase| Initializing test parameter 'arg0' as variable
22:31:10,614 DEBUG  context.TestContext| Setting variable: arg0 with value: 'com.consol.citrus.DefaultTestCaseRunner@7178d811'
22:31:10,614 DEBUG trus.DefaultTestCase| Test variables:
22:31:10,614 DEBUG trus.DefaultTestCase| citrus.test.package = autotests.tests
22:31:10,614 DEBUG trus.DefaultTestCase| arg0 = com.consol.citrus.DefaultTestCaseRunner@7178d811
22:31:10,614 DEBUG trus.DefaultTestCase| citrus.test.name = DuckActionsTestFly.successfulFly
22:31:10,656 DEBUG  context.TestContext| Setting variable: duckId with value: '123'
22:31:11,009 INFO  port.LoggingReporter| 
22:31:11,025 DEBUG port.LoggingReporter| TEST STEP 0: sql
22:31:11,025 DEBUG ons.ExecuteSQLAction| Executing SQL statement: insert into DUCK (id, color, height, material, sound, wings_state)
values (123, 'yellow', 1.0, 'rubber', 'quack','ACTIVE')
22:31:11,322 INFO  ons.ExecuteSQLAction| SQL statement execution successful
22:31:11,322 INFO  port.LoggingReporter| 
22:31:11,337 DEBUG port.LoggingReporter| TEST STEP 0 SUCCESS
22:31:11,431 INFO  port.LoggingReporter| 
22:31:11,431 DEBUG port.LoggingReporter| TEST STEP 0: send
22:31:11,431 DEBUG   util.TypeConverter| Using type converter 'spring'
22:31:11,462 DEBUG ltCorrelationManager| Saving correlation key for 'citrus_message_correlator_yellowDuckService'
22:31:11,462 DEBUG  context.TestContext| Setting variable: citrus_message_correlator_yellowDuckService with value: 'citrus_message_id = '3b51bef9-07fc-4752-9da9-1f56d9fcde15''
22:31:11,478 DEBUG  context.TestContext| Setting variable: citrus_message_replyTo_citrus_message_correlator_yellowDuckService with value: 'http://localhost:2222/api/duck/action/fly?id=123'
22:31:11,478 INFO     client.HttpClient| Sending HTTP message to: 'http://localhost:2222/api/duck/action/fly?id=123'
22:31:11,478 DEBUG    client.HttpClient| Message to send:

22:31:11,602 DEBUG ingClientInterceptor| Sending Http request message
22:31:11,602 DEBUG   util.TypeConverter| Using type converter 'spring'
22:31:12,125 DEBUG ingClientInterceptor| Received Http response message
22:31:12,125 DEBUG   util.TypeConverter| Using type converter 'spring'
22:31:12,140 INFO     client.HttpClient| HTTP message was sent to endpoint: 'http://localhost:2222/api/duck/action/fly?id=123'
22:31:12,156 DEBUG ltCorrelationManager| Saving correlated object for 'citrus_message_id = '3b51bef9-07fc-4752-9da9-1f56d9fcde15''
22:31:12,156 INFO  port.LoggingReporter| 
22:31:12,156 DEBUG port.LoggingReporter| TEST STEP 0 SUCCESS
22:31:12,218 DEBUG       util.FileUtils| Reading file resource: 'successfulFly.json' (encoding is 'UTF-8')
22:31:12,258 INFO  port.LoggingReporter| 
22:31:12,258 DEBUG port.LoggingReporter| TEST STEP 0: receive
22:31:12,273 DEBUG ngCorrelationManager| Get correlation key for 'citrus_message_correlator_yellowDuckService'
22:31:12,273 DEBUG ltCorrelationManager| Finding correlated object for 'citrus_message_id = '3b51bef9-07fc-4752-9da9-1f56d9fcde15''
22:31:12,273 DEBUG ReceiveMessageAction| Received message:
HTTPMESSAGE [id: 56bca3b2-371b-47ab-8a73-24965dff8fa1, payload: {
  "message": "I am flying :)"
}][headers: {Transfer-Encoding=chunked, Connection=keep-alive, contentType=application/json, Date=1738251071000, citrus_message_id=56bca3b2-371b-47ab-8a73-24965dff8fa1, citrus_message_timestamp=1738251072156, Keep-Alive=timeout=60, Content-Type=application/json, citrus_http_status_code=200, citrus_http_reason_phrase=OK, citrus_http_version=HTTP/1.1}]
22:31:12,289 DEBUG ReceiveMessageAction| Control message:
HTTPMESSAGE [id: da2d9680-14ab-424f-9aaf-2ad6f7de2c85, payload: {

  "message": "I’m flying"
}][headers: {citrus_message_id=da2d9680-14ab-424f-9aaf-2ad6f7de2c85, citrus_message_timestamp=1738251072203, citrus_http_reason_phrase=OK, citrus_http_status_code=200, Content-Type=application/json, citrus_message_type=XML}]
22:31:12,304 DEBUG ageValidatorRegistry| Found 3 message validators for message
22:31:12,304 DEBUG ssageHeaderValidator| Start message header validation ...
22:31:12,336 DEBUG er.TypeAliasResolver| Found type alias resolver 'marshallerResolver' as class com.consol.citrus.context.resolver.MarshallerAliasResolver
22:31:12,336 DEBUG er.TypeAliasResolver| Found type alias resolver 'unmarshallerResolver' as class com.consol.citrus.context.resolver.UnmarshallerAliasResolver
22:31:12,383 DEBUG faultHeaderValidator| Validating header element: citrus_http_reason_phrase='OK': OK.
22:31:12,430 DEBUG faultHeaderValidator| Validating header element: citrus_http_status_code='200': OK.
22:31:12,430 DEBUG faultHeaderValidator| Validating header element: Content-Type='application/json': OK.
22:31:12,430 INFO  ssageHeaderValidator| Message header validation successful: All values OK
22:31:12,430 DEBUG TextMessageValidator| Start JSON message validation ...
22:31:12,430 DEBUG JsonSchemaValidation| Starting Json schema validation ...
22:31:12,445 INFO  JsonSchemaValidation| Json schema validation successful: All values OK
22:31:12,821 DEBUG trus.DefaultTestCase| Entering finally block in test case
22:31:12,821 INFO  port.LoggingReporter| 
22:31:12,821 DEBUG port.LoggingReporter| TEST STEP 0: DuckActionsTestFly$$Lambda$525/0x000000084045a440
22:31:12,821 INFO  port.LoggingReporter| 
22:31:12,821 DEBUG port.LoggingReporter| TEST STEP 0: sql
22:31:12,821 DEBUG ons.ExecuteSQLAction| Executing SQL statement: DELETE FROM DUCK WHERE ID=123
22:31:12,821 INFO  ons.ExecuteSQLAction| SQL statement execution successful
22:31:12,821 INFO  port.LoggingReporter| 
22:31:12,821 DEBUG port.LoggingReporter| TEST STEP 0 SUCCESS
22:31:12,832 INFO  port.LoggingReporter| 
22:31:12,832 DEBUG port.LoggingReporter| TEST STEP 0 SUCCESS
22:31:12,832 INFO  port.LoggingReporter| 
22:31:12,832 ERROR port.LoggingReporter| TEST FAILED DuckActionsTestFly.successfulFly <autotests.tests> Nested exception is: 
com.consol.citrus.exceptions.ValidationException: Failed to validate JSON text:
{"message":"I am flying :)"} Values not equal for entry: 'message', expected 'I’m flying' but was 'I am flying :)'
	at com.consol.citrus.validation.json.JsonTextMessageValidator.validateMessage(JsonTextMessageValidator.java:114)
	at com.consol.citrus.validation.json.JsonTextMessageValidator.validateMessage(JsonTextMessageValidator.java:58)
	at com.consol.citrus.validation.AbstractMessageValidator.validateMessage(AbstractMessageValidator.java:46)
	at com.consol.citrus.actions.ReceiveMessageAction.validateMessage(ReceiveMessageAction.java:279)
	at com.consol.citrus.actions.ReceiveMessageAction.doExecute(ReceiveMessageAction.java:168)
	at com.consol.citrus.actions.AbstractTestAction.execute(AbstractTestAction.java:59)
	at com.consol.citrus.DefaultTestCase.executeAction(DefaultTestCase.java:136)
	at com.consol.citrus.DefaultTestCaseRunner.run(DefaultTestCaseRunner.java:125)
	at com.consol.citrus.TestActionRunner.$(TestActionRunner.java:35)
	at autotests.clients.DuckClient.validateResponse(DuckClient.java:141)
	at autotests.tests.DuckActionsTestFly.successfulFly(DuckActionsTestFly.java:31)
	at java.base/jdk.internal.reflect.NativeMethodAccessorImpl.invoke0(Native Method)
	at java.base/jdk.internal.reflect.NativeMethodAccessorImpl.invoke(NativeMethodAccessorImpl.java:62)
	at java.base/jdk.internal.reflect.DelegatingMethodAccessorImpl.invoke(DelegatingMethodAccessorImpl.java:43)
	at java.base/java.lang.reflect.Method.invoke(Method.java:566)
	at org.springframework.util.ReflectionUtils.invokeMethod(ReflectionUtils.java:282)
	at com.consol.citrus.testng.TestNGHelper.lambda$invokeTestMethod$1(TestNGHelper.java:82)
	at com.consol.citrus.common.DefaultTestLoader.lambda$doLoad$1(DefaultTestLoader.java:116)
	at java.base/java.util.ArrayList.forEach(ArrayList.java:1541)
	at com.consol.citrus.common.DefaultTestLoader.doLoad(DefaultTestLoader.java:116)
	at com.consol.citrus.common.DefaultTestLoader.load(DefaultTestLoader.java:94)
	at com.consol.citrus.testng.TestNGHelper.invokeTestMethod(TestNGHelper.java:83)
	at com.consol.citrus.testng.spring.TestNGCitrusSpringSupport.run(TestNGCitrusSpringSupport.java:185)
	at com.consol.citrus.testng.spring.TestNGCitrusSpringSupport.run(TestNGCitrusSpringSupport.java:101)
	at org.testng.internal.invokers.MethodInvocationHelper.invokeHookable(MethodInvocationHelper.java:272)
	at org.testng.internal.invokers.TestInvoker.invokeMethod(TestInvoker.java:669)
	at org.testng.internal.invokers.TestInvoker.invokeTestMethod(TestInvoker.java:221)
	at org.testng.internal.invokers.MethodRunner.runInSequence(MethodRunner.java:50)
	at org.testng.internal.invokers.TestInvoker$MethodInvocationAgent.invoke(TestInvoker.java:969)
	at org.testng.internal.invokers.TestInvoker.invokeTestMethods(TestInvoker.java:194)
	at org.testng.internal.invokers.TestMethodWorker.invokeTestMethods(TestMethodWorker.java:148)
	at org.testng.internal.invokers.TestMethodWorker.run(TestMethodWorker.java:128)
	at java.base/java.util.ArrayList.forEach(ArrayList.java:1541)
	at org.testng.TestRunner.privateRun(TestRunner.java:829)
	at org.testng.TestRunner.run(TestRunner.java:602)
	at org.testng.SuiteRunner.runTest(SuiteRunner.java:437)
	at org.testng.SuiteRunner.runSequentially(SuiteRunner.java:431)
	at org.testng.SuiteRunner.privateRun(SuiteRunner.java:391)
	at org.testng.SuiteRunner.run(SuiteRunner.java:330)
	at org.testng.SuiteRunnerWorker.runSuite(SuiteRunnerWorker.java:52)
	at org.testng.SuiteRunnerWorker.run(SuiteRunnerWorker.java:95)
	at org.testng.TestNG.runSuitesSequentially(TestNG.java:1256)
	at org.testng.TestNG.runSuitesLocally(TestNG.java:1176)
	at org.testng.TestNG.runSuites(TestNG.java:1099)
	at org.testng.TestNG.run(TestNG.java:1067)
	at org.gradle.api.internal.tasks.testing.testng.TestNGTestClassProcessor.runTests(TestNGTestClassProcessor.java:153)
	at org.gradle.api.internal.tasks.testing.testng.TestNGTestClassProcessor.stop(TestNGTestClassProcessor.java:96)
	at org.gradle.api.internal.tasks.testing.SuiteTestClassProcessor.stop(SuiteTestClassProcessor.java:62)
	at java.base/jdk.internal.reflect.NativeMethodAccessorImpl.invoke0(Native Method)
	at java.base/jdk.internal.reflect.NativeMethodAccessorImpl.invoke(NativeMethodAccessorImpl.java:62)
	at java.base/jdk.internal.reflect.DelegatingMethodAccessorImpl.invoke(DelegatingMethodAccessorImpl.java:43)
	at java.base/java.lang.reflect.Method.invoke(Method.java:566)
	at org.gradle.internal.dispatch.ReflectionDispatch.dispatch(ReflectionDispatch.java:36)
	at org.gradle.internal.dispatch.ReflectionDispatch.dispatch(ReflectionDispatch.java:24)
	at org.gradle.internal.dispatch.ContextClassLoaderDispatch.dispatch(ContextClassLoaderDispatch.java:33)
	at org.gradle.internal.dispatch.ProxyDispatchAdapter$DispatchingInvocationHandler.invoke(ProxyDispatchAdapter.java:94)
	at com.sun.proxy.$Proxy2.stop(Unknown Source)
	at org.gradle.api.internal.tasks.testing.worker.TestWorker$3.run(TestWorker.java:193)
	at org.gradle.api.internal.tasks.testing.worker.TestWorker.executeAndMaintainThreadName(TestWorker.java:129)
	at org.gradle.api.internal.tasks.testing.worker.TestWorker.execute(TestWorker.java:100)
	at org.gradle.api.internal.tasks.testing.worker.TestWorker.execute(TestWorker.java:60)
	at org.gradle.process.internal.worker.child.ActionExecutionWorker.execute(ActionExecutionWorker.java:56)
	at org.gradle.process.internal.worker.child.SystemApplicationClassLoaderWorker.call(SystemApplicationClassLoaderWorker.java:119)
	at org.gradle.process.internal.worker.child.SystemApplicationClassLoaderWorker.call(SystemApplicationClassLoaderWorker.java:66)
	at worker.org.gradle.process.internal.worker.GradleWorkerMain.run(GradleWorkerMain.java:69)
	at worker.org.gradle.process.internal.worker.GradleWorkerMain.main(GradleWorkerMain.java:74)
Caused by: java.lang.IllegalArgumentException: Values not equal for entry: 'message', expected 'I’m flying' but was 'I am flying :)'
	at org.springframework.util.Assert.isTrue(Assert.java:121)
	at com.consol.citrus.validation.json.JsonTextMessageValidator.validateJson(JsonTextMessageValidator.java:211)
	at com.consol.citrus.validation.json.JsonTextMessageValidator.validateMessage(JsonTextMessageValidator.java:102)
	... 65 more
22:31:12,848 INFO  port.LoggingReporter| ------------------------------------------------------------------------
22:31:12,848 INFO  port.LoggingReporter| 
22:31:13,030 DEBUG   util.TypeConverter| Using type converter 'spring'
22:31:13,046 INFO  port.LoggingReporter| 
22:31:13,046 INFO  port.LoggingReporter| ------------------------------------------------------------------------
22:31:13,046 DEBUG port.LoggingReporter| STARTING TEST DuckActionsTestFly.unsuccessfulFly <autotests.tests>
22:31:13,046 INFO  port.LoggingReporter| 
22:31:13,046 DEBUG trus.DefaultTestCase| Initializing test case
22:31:13,046 DEBUG  context.TestContext| Setting variable: citrus.test.name with value: 'DuckActionsTestFly.unsuccessfulFly'
22:31:13,046 DEBUG  context.TestContext| Setting variable: citrus.test.package with value: 'autotests.tests'
22:31:13,046 DEBUG trus.DefaultTestCase| Initializing test parameter 'arg0' as variable
22:31:13,046 DEBUG  context.TestContext| Setting variable: arg0 with value: 'com.consol.citrus.DefaultTestCaseRunner@c14bbab'
22:31:13,046 DEBUG trus.DefaultTestCase| Test variables:
22:31:13,046 DEBUG trus.DefaultTestCase| citrus.test.package = autotests.tests
22:31:13,046 DEBUG trus.DefaultTestCase| arg0 = com.consol.citrus.DefaultTestCaseRunner@c14bbab
22:31:13,046 DEBUG trus.DefaultTestCase| citrus.test.name = DuckActionsTestFly.unsuccessfulFly
22:31:13,046 DEBUG  context.TestContext| Setting variable: duckId with value: '123'
22:31:13,046 INFO  port.LoggingReporter| 
22:31:13,046 DEBUG port.LoggingReporter| TEST STEP 0: sql
22:31:13,046 DEBUG ons.ExecuteSQLAction| Executing SQL statement: insert into DUCK (id, color, height, material, sound, wings_state)
values (123, 'yellow', 1.0, 'rubber', 'quack','FIXED')
22:31:13,062 INFO  ons.ExecuteSQLAction| SQL statement execution successful
22:31:13,062 INFO  port.LoggingReporter| 
22:31:13,062 DEBUG port.LoggingReporter| TEST STEP 0 SUCCESS
22:31:13,062 INFO  port.LoggingReporter| 
22:31:13,062 DEBUG port.LoggingReporter| TEST STEP 0: send
22:31:13,062 DEBUG ltCorrelationManager| Saving correlation key for 'citrus_message_correlator_yellowDuckService'
22:31:13,062 DEBUG  context.TestContext| Setting variable: citrus_message_correlator_yellowDuckService with value: 'citrus_message_id = '58db2eb0-bb6c-4256-817b-96fcbd2581b7''
22:31:13,062 DEBUG  context.TestContext| Setting variable: citrus_message_replyTo_citrus_message_correlator_yellowDuckService with value: 'http://localhost:2222/api/duck/action/fly?id=123'
22:31:13,062 INFO     client.HttpClient| Sending HTTP message to: 'http://localhost:2222/api/duck/action/fly?id=123'
22:31:13,062 DEBUG    client.HttpClient| Message to send:

22:31:13,077 DEBUG ingClientInterceptor| Sending Http request message
22:31:13,077 DEBUG   util.TypeConverter| Using type converter 'spring'
22:31:13,107 DEBUG ingClientInterceptor| Received Http response message
22:31:13,107 DEBUG   util.TypeConverter| Using type converter 'spring'
22:31:13,107 INFO     client.HttpClient| HTTP message was sent to endpoint: 'http://localhost:2222/api/duck/action/fly?id=123'
22:31:13,107 DEBUG ltCorrelationManager| Saving correlated object for 'citrus_message_id = '58db2eb0-bb6c-4256-817b-96fcbd2581b7''
22:31:13,107 INFO  port.LoggingReporter| 
22:31:13,107 DEBUG port.LoggingReporter| TEST STEP 0 SUCCESS
22:31:13,107 DEBUG       util.FileUtils| Reading file resource: 'unsuccessfulFly.json' (encoding is 'UTF-8')
22:31:13,123 INFO  port.LoggingReporter| 
22:31:13,123 DEBUG port.LoggingReporter| TEST STEP 0: receive
22:31:13,123 DEBUG ngCorrelationManager| Get correlation key for 'citrus_message_correlator_yellowDuckService'
22:31:13,123 DEBUG ltCorrelationManager| Finding correlated object for 'citrus_message_id = '58db2eb0-bb6c-4256-817b-96fcbd2581b7''
22:31:13,123 DEBUG ReceiveMessageAction| Received message:
HTTPMESSAGE [id: 978a2f88-5f33-47b1-9fd2-5792e72b00a2, payload: {
  "message": "I can not fly :C"
}][headers: {Transfer-Encoding=chunked, Connection=keep-alive, contentType=application/json, Date=1738251072000, citrus_message_id=978a2f88-5f33-47b1-9fd2-5792e72b00a2, citrus_message_timestamp=1738251073107, Keep-Alive=timeout=60, Content-Type=application/json, citrus_http_status_code=200, citrus_http_reason_phrase=OK, citrus_http_version=HTTP/1.1}]
22:31:13,123 DEBUG ReceiveMessageAction| Control message:
HTTPMESSAGE [id: d3aece38-f175-4657-8fc7-12a9d10787b6, payload: {

  "message": "I can’t fly"
}][headers: {citrus_message_id=d3aece38-f175-4657-8fc7-12a9d10787b6, citrus_message_timestamp=1738251073107, citrus_http_reason_phrase=OK, citrus_http_status_code=200, Content-Type=application/json, citrus_message_type=XML}]
22:31:13,123 DEBUG ageValidatorRegistry| Found 3 message validators for message
22:31:13,123 DEBUG ssageHeaderValidator| Start message header validation ...
22:31:13,123 DEBUG faultHeaderValidator| Validating header element: citrus_http_reason_phrase='OK': OK.
22:31:13,138 DEBUG faultHeaderValidator| Validating header element: citrus_http_status_code='200': OK.
22:31:13,138 DEBUG faultHeaderValidator| Validating header element: Content-Type='application/json': OK.
22:31:13,138 INFO  ssageHeaderValidator| Message header validation successful: All values OK
22:31:13,138 DEBUG TextMessageValidator| Start JSON message validation ...
22:31:13,138 DEBUG JsonSchemaValidation| Starting Json schema validation ...
22:31:13,138 INFO  JsonSchemaValidation| Json schema validation successful: All values OK
22:31:13,154 DEBUG trus.DefaultTestCase| Entering finally block in test case
22:31:13,154 INFO  port.LoggingReporter| 
22:31:13,154 DEBUG port.LoggingReporter| TEST STEP 0: DuckActionsTestFly$$Lambda$647/0x00000008404fbc40
22:31:13,154 INFO  port.LoggingReporter| 
22:31:13,154 DEBUG port.LoggingReporter| TEST STEP 0: sql
22:31:13,154 DEBUG ons.ExecuteSQLAction| Executing SQL statement: DELETE FROM DUCK WHERE ID=123
22:31:13,154 INFO  ons.ExecuteSQLAction| SQL statement execution successful
22:31:13,170 INFO  port.LoggingReporter| 
22:31:13,170 DEBUG port.LoggingReporter| TEST STEP 0 SUCCESS
22:31:13,170 INFO  port.LoggingReporter| 
22:31:13,170 DEBUG port.LoggingReporter| TEST STEP 0 SUCCESS
22:31:13,170 INFO  port.LoggingReporter| 
22:31:13,170 ERROR port.LoggingReporter| TEST FAILED DuckActionsTestFly.unsuccessfulFly <autotests.tests> Nested exception is: 
com.consol.citrus.exceptions.ValidationException: Failed to validate JSON text:
{"message":"I can not fly :C"} Values not equal for entry: 'message', expected 'I can’t fly' but was 'I can not fly :C'
	at com.consol.citrus.validation.json.JsonTextMessageValidator.validateMessage(JsonTextMessageValidator.java:114)
	at com.consol.citrus.validation.json.JsonTextMessageValidator.validateMessage(JsonTextMessageValidator.java:58)
	at com.consol.citrus.validation.AbstractMessageValidator.validateMessage(AbstractMessageValidator.java:46)
	at com.consol.citrus.actions.ReceiveMessageAction.validateMessage(ReceiveMessageAction.java:279)
	at com.consol.citrus.actions.ReceiveMessageAction.doExecute(ReceiveMessageAction.java:168)
	at com.consol.citrus.actions.AbstractTestAction.execute(AbstractTestAction.java:59)
	at com.consol.citrus.DefaultTestCase.executeAction(DefaultTestCase.java:136)
	at com.consol.citrus.DefaultTestCaseRunner.run(DefaultTestCaseRunner.java:125)
	at com.consol.citrus.TestActionRunner.$(TestActionRunner.java:35)
	at autotests.clients.DuckClient.validateResponse(DuckClient.java:141)
	at autotests.tests.DuckActionsTestFly.unsuccessfulFly(DuckActionsTestFly.java:44)
	at java.base/jdk.internal.reflect.NativeMethodAccessorImpl.invoke0(Native Method)
	at java.base/jdk.internal.reflect.NativeMethodAccessorImpl.invoke(NativeMethodAccessorImpl.java:62)
	at java.base/jdk.internal.reflect.DelegatingMethodAccessorImpl.invoke(DelegatingMethodAccessorImpl.java:43)
	at java.base/java.lang.reflect.Method.invoke(Method.java:566)
	at org.springframework.util.ReflectionUtils.invokeMethod(ReflectionUtils.java:282)
	at com.consol.citrus.testng.TestNGHelper.lambda$invokeTestMethod$1(TestNGHelper.java:82)
	at com.consol.citrus.common.DefaultTestLoader.lambda$doLoad$1(DefaultTestLoader.java:116)
	at java.base/java.util.ArrayList.forEach(ArrayList.java:1541)
	at com.consol.citrus.common.DefaultTestLoader.doLoad(DefaultTestLoader.java:116)
	at com.consol.citrus.common.DefaultTestLoader.load(DefaultTestLoader.java:94)
	at com.consol.citrus.testng.TestNGHelper.invokeTestMethod(TestNGHelper.java:83)
	at com.consol.citrus.testng.spring.TestNGCitrusSpringSupport.run(TestNGCitrusSpringSupport.java:185)
	at com.consol.citrus.testng.spring.TestNGCitrusSpringSupport.run(TestNGCitrusSpringSupport.java:101)
	at org.testng.internal.invokers.MethodInvocationHelper.invokeHookable(MethodInvocationHelper.java:272)
	at org.testng.internal.invokers.TestInvoker.invokeMethod(TestInvoker.java:669)
	at org.testng.internal.invokers.TestInvoker.invokeTestMethod(TestInvoker.java:221)
	at org.testng.internal.invokers.MethodRunner.runInSequence(MethodRunner.java:50)
	at org.testng.internal.invokers.TestInvoker$MethodInvocationAgent.invoke(TestInvoker.java:969)
	at org.testng.internal.invokers.TestInvoker.invokeTestMethods(TestInvoker.java:194)
	at org.testng.internal.invokers.TestMethodWorker.invokeTestMethods(TestMethodWorker.java:148)
	at org.testng.internal.invokers.TestMethodWorker.run(TestMethodWorker.java:128)
	at java.base/java.util.ArrayList.forEach(ArrayList.java:1541)
	at org.testng.TestRunner.privateRun(TestRunner.java:829)
	at org.testng.TestRunner.run(TestRunner.java:602)
	at org.testng.SuiteRunner.runTest(SuiteRunner.java:437)
	at org.testng.SuiteRunner.runSequentially(SuiteRunner.java:431)
	at org.testng.SuiteRunner.privateRun(SuiteRunner.java:391)
	at org.testng.SuiteRunner.run(SuiteRunner.java:330)
	at org.testng.SuiteRunnerWorker.runSuite(SuiteRunnerWorker.java:52)
	at org.testng.SuiteRunnerWorker.run(SuiteRunnerWorker.java:95)
	at org.testng.TestNG.runSuitesSequentially(TestNG.java:1256)
	at org.testng.TestNG.runSuitesLocally(TestNG.java:1176)
	at org.testng.TestNG.runSuites(TestNG.java:1099)
	at org.testng.TestNG.run(TestNG.java:1067)
	at org.gradle.api.internal.tasks.testing.testng.TestNGTestClassProcessor.runTests(TestNGTestClassProcessor.java:153)
	at org.gradle.api.internal.tasks.testing.testng.TestNGTestClassProcessor.stop(TestNGTestClassProcessor.java:96)
	at org.gradle.api.internal.tasks.testing.SuiteTestClassProcessor.stop(SuiteTestClassProcessor.java:62)
	at java.base/jdk.internal.reflect.NativeMethodAccessorImpl.invoke0(Native Method)
	at java.base/jdk.internal.reflect.NativeMethodAccessorImpl.invoke(NativeMethodAccessorImpl.java:62)
	at java.base/jdk.internal.reflect.DelegatingMethodAccessorImpl.invoke(DelegatingMethodAccessorImpl.java:43)
	at java.base/java.lang.reflect.Method.invoke(Method.java:566)
	at org.gradle.internal.dispatch.ReflectionDispatch.dispatch(ReflectionDispatch.java:36)
	at org.gradle.internal.dispatch.ReflectionDispatch.dispatch(ReflectionDispatch.java:24)
	at org.gradle.internal.dispatch.ContextClassLoaderDispatch.dispatch(ContextClassLoaderDispatch.java:33)
	at org.gradle.internal.dispatch.ProxyDispatchAdapter$DispatchingInvocationHandler.invoke(ProxyDispatchAdapter.java:94)
	at com.sun.proxy.$Proxy2.stop(Unknown Source)
	at org.gradle.api.internal.tasks.testing.worker.TestWorker$3.run(TestWorker.java:193)
	at org.gradle.api.internal.tasks.testing.worker.TestWorker.executeAndMaintainThreadName(TestWorker.java:129)
	at org.gradle.api.internal.tasks.testing.worker.TestWorker.execute(TestWorker.java:100)
	at org.gradle.api.internal.tasks.testing.worker.TestWorker.execute(TestWorker.java:60)
	at org.gradle.process.internal.worker.child.ActionExecutionWorker.execute(ActionExecutionWorker.java:56)
	at org.gradle.process.internal.worker.child.SystemApplicationClassLoaderWorker.call(SystemApplicationClassLoaderWorker.java:119)
	at org.gradle.process.internal.worker.child.SystemApplicationClassLoaderWorker.call(SystemApplicationClassLoaderWorker.java:66)
	at worker.org.gradle.process.internal.worker.GradleWorkerMain.run(GradleWorkerMain.java:69)
	at worker.org.gradle.process.internal.worker.GradleWorkerMain.main(GradleWorkerMain.java:74)
Caused by: java.lang.IllegalArgumentException: Values not equal for entry: 'message', expected 'I can’t fly' but was 'I can not fly :C'
	at org.springframework.util.Assert.isTrue(Assert.java:121)
	at com.consol.citrus.validation.json.JsonTextMessageValidator.validateJson(JsonTextMessageValidator.java:211)
	at com.consol.citrus.validation.json.JsonTextMessageValidator.validateMessage(JsonTextMessageValidator.java:102)
	... 65 more
22:31:13,185 INFO  port.LoggingReporter| ------------------------------------------------------------------------
22:31:13,185 INFO  port.LoggingReporter| 
22:31:13,248 DEBUG   util.TypeConverter| Using type converter 'spring'
22:31:13,279 INFO  port.LoggingReporter| 
22:31:13,279 INFO  port.LoggingReporter| ------------------------------------------------------------------------
22:31:13,279 DEBUG port.LoggingReporter| STARTING TEST DuckActionsTestFly.unsuccessfulFly2 <autotests.tests>
22:31:13,279 INFO  port.LoggingReporter| 
22:31:13,279 DEBUG trus.DefaultTestCase| Initializing test case
22:31:13,279 DEBUG  context.TestContext| Setting variable: citrus.test.name with value: 'DuckActionsTestFly.unsuccessfulFly2'
22:31:13,279 DEBUG  context.TestContext| Setting variable: citrus.test.package with value: 'autotests.tests'
22:31:13,279 DEBUG trus.DefaultTestCase| Initializing test parameter 'arg0' as variable
22:31:13,279 DEBUG  context.TestContext| Setting variable: arg0 with value: 'com.consol.citrus.DefaultTestCaseRunner@59d29065'
22:31:13,279 DEBUG trus.DefaultTestCase| Test variables:
22:31:13,279 DEBUG trus.DefaultTestCase| citrus.test.package = autotests.tests
22:31:13,279 DEBUG trus.DefaultTestCase| arg0 = com.consol.citrus.DefaultTestCaseRunner@59d29065
22:31:13,279 DEBUG trus.DefaultTestCase| citrus.test.name = DuckActionsTestFly.unsuccessfulFly2
22:31:13,279 DEBUG  context.TestContext| Setting variable: duckId with value: '123'
22:31:13,279 INFO  port.LoggingReporter| 
22:31:13,279 DEBUG port.LoggingReporter| TEST STEP 0: sql
22:31:13,279 DEBUG ons.ExecuteSQLAction| Executing SQL statement: insert into DUCK (id, color, height, material, sound, wings_state)
values (123, 'yellow', 1.0, 'rubber', 'quack','UNDEFINED')
22:31:13,295 INFO  ons.ExecuteSQLAction| SQL statement execution successful
22:31:13,295 INFO  port.LoggingReporter| 
22:31:13,295 DEBUG port.LoggingReporter| TEST STEP 0 SUCCESS
22:31:13,295 INFO  port.LoggingReporter| 
22:31:13,295 DEBUG port.LoggingReporter| TEST STEP 0: send
22:31:13,295 DEBUG ltCorrelationManager| Saving correlation key for 'citrus_message_correlator_yellowDuckService'
22:31:13,295 DEBUG  context.TestContext| Setting variable: citrus_message_correlator_yellowDuckService with value: 'citrus_message_id = '36e345a2-c363-4a13-8eb3-9765eae810dc''
22:31:13,295 DEBUG  context.TestContext| Setting variable: citrus_message_replyTo_citrus_message_correlator_yellowDuckService with value: 'http://localhost:2222/api/duck/action/fly?id=123'
22:31:13,295 INFO     client.HttpClient| Sending HTTP message to: 'http://localhost:2222/api/duck/action/fly?id=123'
22:31:13,295 DEBUG    client.HttpClient| Message to send:

22:31:13,295 DEBUG ingClientInterceptor| Sending Http request message
22:31:13,310 DEBUG   util.TypeConverter| Using type converter 'spring'
22:31:13,326 DEBUG ingClientInterceptor| Received Http response message
22:31:13,326 DEBUG   util.TypeConverter| Using type converter 'spring'
22:31:13,326 INFO     client.HttpClient| HTTP message was sent to endpoint: 'http://localhost:2222/api/duck/action/fly?id=123'
22:31:13,326 DEBUG ltCorrelationManager| Saving correlated object for 'citrus_message_id = '36e345a2-c363-4a13-8eb3-9765eae810dc''
22:31:13,326 INFO  port.LoggingReporter| 
22:31:13,326 DEBUG port.LoggingReporter| TEST STEP 0 SUCCESS
22:31:13,326 DEBUG       util.FileUtils| Reading file resource: 'unsuccessfulFly.json' (encoding is 'UTF-8')
22:31:13,342 INFO  port.LoggingReporter| 
22:31:13,342 DEBUG port.LoggingReporter| TEST STEP 0: receive
22:31:13,342 DEBUG ngCorrelationManager| Get correlation key for 'citrus_message_correlator_yellowDuckService'
22:31:13,342 DEBUG ltCorrelationManager| Finding correlated object for 'citrus_message_id = '36e345a2-c363-4a13-8eb3-9765eae810dc''
22:31:13,367 DEBUG ReceiveMessageAction| Received message:
HTTPMESSAGE [id: 89d1d5af-6f08-49e6-b1cc-2785fce31b9b, payload: {
  "message": "Wings are not detected :("
}][headers: {Transfer-Encoding=chunked, Connection=keep-alive, contentType=application/json, Date=1738251072000, citrus_message_id=89d1d5af-6f08-49e6-b1cc-2785fce31b9b, citrus_message_timestamp=1738251073326, Keep-Alive=timeout=60, Content-Type=application/json, citrus_http_status_code=200, citrus_http_reason_phrase=OK, citrus_http_version=HTTP/1.1}]
22:31:13,367 DEBUG ReceiveMessageAction| Control message:
HTTPMESSAGE [id: 8f2fa5cf-e0a1-443c-a4ff-48e9730182e9, payload: {

  "message": "I can’t fly"
}][headers: {citrus_message_id=8f2fa5cf-e0a1-443c-a4ff-48e9730182e9, citrus_message_timestamp=1738251073326, citrus_http_reason_phrase=OK, citrus_http_status_code=200, Content-Type=application/json, citrus_message_type=XML}]
22:31:13,367 DEBUG ageValidatorRegistry| Found 3 message validators for message
22:31:13,367 DEBUG ssageHeaderValidator| Start message header validation ...
22:31:13,367 DEBUG faultHeaderValidator| Validating header element: citrus_http_reason_phrase='OK': OK.
22:31:13,382 DEBUG faultHeaderValidator| Validating header element: citrus_http_status_code='200': OK.
22:31:13,382 DEBUG faultHeaderValidator| Validating header element: Content-Type='application/json': OK.
22:31:13,382 INFO  ssageHeaderValidator| Message header validation successful: All values OK
22:31:13,382 DEBUG TextMessageValidator| Start JSON message validation ...
22:31:13,382 DEBUG JsonSchemaValidation| Starting Json schema validation ...
22:31:13,382 INFO  JsonSchemaValidation| Json schema validation successful: All values OK
22:31:13,382 DEBUG trus.DefaultTestCase| Entering finally block in test case
22:31:13,382 INFO  port.LoggingReporter| 
22:31:13,382 DEBUG port.LoggingReporter| TEST STEP 0: DuckActionsTestFly$$Lambda$648/0x00000008404fec40
22:31:13,398 INFO  port.LoggingReporter| 
22:31:13,398 DEBUG port.LoggingReporter| TEST STEP 0: sql
22:31:13,398 DEBUG ons.ExecuteSQLAction| Executing SQL statement: DELETE FROM DUCK WHERE ID=123
22:31:13,398 INFO  ons.ExecuteSQLAction| SQL statement execution successful
22:31:13,398 INFO  port.LoggingReporter| 
22:31:13,398 DEBUG port.LoggingReporter| TEST STEP 0 SUCCESS
22:31:13,398 INFO  port.LoggingReporter| 
22:31:13,398 DEBUG port.LoggingReporter| TEST STEP 0 SUCCESS
22:31:13,398 INFO  port.LoggingReporter| 
22:31:13,398 ERROR port.LoggingReporter| TEST FAILED DuckActionsTestFly.unsuccessfulFly2 <autotests.tests> Nested exception is: 
com.consol.citrus.exceptions.ValidationException: Failed to validate JSON text:
{"message":"Wings are not detected :("} Values not equal for entry: 'message', expected 'I can’t fly' but was 'Wings are not detected :('
	at com.consol.citrus.validation.json.JsonTextMessageValidator.validateMessage(JsonTextMessageValidator.java:114)
	at com.consol.citrus.validation.json.JsonTextMessageValidator.validateMessage(JsonTextMessageValidator.java:58)
	at com.consol.citrus.validation.AbstractMessageValidator.validateMessage(AbstractMessageValidator.java:46)
	at com.consol.citrus.actions.ReceiveMessageAction.validateMessage(ReceiveMessageAction.java:279)
	at com.consol.citrus.actions.ReceiveMessageAction.doExecute(ReceiveMessageAction.java:168)
	at com.consol.citrus.actions.AbstractTestAction.execute(AbstractTestAction.java:59)
	at com.consol.citrus.DefaultTestCase.executeAction(DefaultTestCase.java:136)
	at com.consol.citrus.DefaultTestCaseRunner.run(DefaultTestCaseRunner.java:125)
	at com.consol.citrus.TestActionRunner.$(TestActionRunner.java:35)
	at autotests.clients.DuckClient.validateResponse(DuckClient.java:141)
	at autotests.tests.DuckActionsTestFly.unsuccessfulFly2(DuckActionsTestFly.java:57)
	at java.base/jdk.internal.reflect.NativeMethodAccessorImpl.invoke0(Native Method)
	at java.base/jdk.internal.reflect.NativeMethodAccessorImpl.invoke(NativeMethodAccessorImpl.java:62)
	at java.base/jdk.internal.reflect.DelegatingMethodAccessorImpl.invoke(DelegatingMethodAccessorImpl.java:43)
	at java.base/java.lang.reflect.Method.invoke(Method.java:566)
	at org.springframework.util.ReflectionUtils.invokeMethod(ReflectionUtils.java:282)
	at com.consol.citrus.testng.TestNGHelper.lambda$invokeTestMethod$1(TestNGHelper.java:82)
	at com.consol.citrus.common.DefaultTestLoader.lambda$doLoad$1(DefaultTestLoader.java:116)
	at java.base/java.util.ArrayList.forEach(ArrayList.java:1541)
	at com.consol.citrus.common.DefaultTestLoader.doLoad(DefaultTestLoader.java:116)
	at com.consol.citrus.common.DefaultTestLoader.load(DefaultTestLoader.java:94)
	at com.consol.citrus.testng.TestNGHelper.invokeTestMethod(TestNGHelper.java:83)
	at com.consol.citrus.testng.spring.TestNGCitrusSpringSupport.run(TestNGCitrusSpringSupport.java:185)
	at com.consol.citrus.testng.spring.TestNGCitrusSpringSupport.run(TestNGCitrusSpringSupport.java:101)
	at org.testng.internal.invokers.MethodInvocationHelper.invokeHookable(MethodInvocationHelper.java:272)
	at org.testng.internal.invokers.TestInvoker.invokeMethod(TestInvoker.java:669)
	at org.testng.internal.invokers.TestInvoker.invokeTestMethod(TestInvoker.java:221)
	at org.testng.internal.invokers.MethodRunner.runInSequence(MethodRunner.java:50)
	at org.testng.internal.invokers.TestInvoker$MethodInvocationAgent.invoke(TestInvoker.java:969)
	at org.testng.internal.invokers.TestInvoker.invokeTestMethods(TestInvoker.java:194)
	at org.testng.internal.invokers.TestMethodWorker.invokeTestMethods(TestMethodWorker.java:148)
	at org.testng.internal.invokers.TestMethodWorker.run(TestMethodWorker.java:128)
	at java.base/java.util.ArrayList.forEach(ArrayList.java:1541)
	at org.testng.TestRunner.privateRun(TestRunner.java:829)
	at org.testng.TestRunner.run(TestRunner.java:602)
	at org.testng.SuiteRunner.runTest(SuiteRunner.java:437)
	at org.testng.SuiteRunner.runSequentially(SuiteRunner.java:431)
	at org.testng.SuiteRunner.privateRun(SuiteRunner.java:391)
	at org.testng.SuiteRunner.run(SuiteRunner.java:330)
	at org.testng.SuiteRunnerWorker.runSuite(SuiteRunnerWorker.java:52)
	at org.testng.SuiteRunnerWorker.run(SuiteRunnerWorker.java:95)
	at org.testng.TestNG.runSuitesSequentially(TestNG.java:1256)
	at org.testng.TestNG.runSuitesLocally(TestNG.java:1176)
	at org.testng.TestNG.runSuites(TestNG.java:1099)
	at org.testng.TestNG.run(TestNG.java:1067)
	at org.gradle.api.internal.tasks.testing.testng.TestNGTestClassProcessor.runTests(TestNGTestClassProcessor.java:153)
	at org.gradle.api.internal.tasks.testing.testng.TestNGTestClassProcessor.stop(TestNGTestClassProcessor.java:96)
	at org.gradle.api.internal.tasks.testing.SuiteTestClassProcessor.stop(SuiteTestClassProcessor.java:62)
	at java.base/jdk.internal.reflect.NativeMethodAccessorImpl.invoke0(Native Method)
	at java.base/jdk.internal.reflect.NativeMethodAccessorImpl.invoke(NativeMethodAccessorImpl.java:62)
	at java.base/jdk.internal.reflect.DelegatingMethodAccessorImpl.invoke(DelegatingMethodAccessorImpl.java:43)
	at java.base/java.lang.reflect.Method.invoke(Method.java:566)
	at org.gradle.internal.dispatch.ReflectionDispatch.dispatch(ReflectionDispatch.java:36)
	at org.gradle.internal.dispatch.ReflectionDispatch.dispatch(ReflectionDispatch.java:24)
	at org.gradle.internal.dispatch.ContextClassLoaderDispatch.dispatch(ContextClassLoaderDispatch.java:33)
	at org.gradle.internal.dispatch.ProxyDispatchAdapter$DispatchingInvocationHandler.invoke(ProxyDispatchAdapter.java:94)
	at com.sun.proxy.$Proxy2.stop(Unknown Source)
	at org.gradle.api.internal.tasks.testing.worker.TestWorker$3.run(TestWorker.java:193)
	at org.gradle.api.internal.tasks.testing.worker.TestWorker.executeAndMaintainThreadName(TestWorker.java:129)
	at org.gradle.api.internal.tasks.testing.worker.TestWorker.execute(TestWorker.java:100)
	at org.gradle.api.internal.tasks.testing.worker.TestWorker.execute(TestWorker.java:60)
	at org.gradle.process.internal.worker.child.ActionExecutionWorker.execute(ActionExecutionWorker.java:56)
	at org.gradle.process.internal.worker.child.SystemApplicationClassLoaderWorker.call(SystemApplicationClassLoaderWorker.java:119)
	at org.gradle.process.internal.worker.child.SystemApplicationClassLoaderWorker.call(SystemApplicationClassLoaderWorker.java:66)
	at worker.org.gradle.process.internal.worker.GradleWorkerMain.run(GradleWorkerMain.java:69)
	at worker.org.gradle.process.internal.worker.GradleWorkerMain.main(GradleWorkerMain.java:74)
Caused by: java.lang.IllegalArgumentException: Values not equal for entry: 'message', expected 'I can’t fly' but was 'Wings are not detected :('
	at org.springframework.util.Assert.isTrue(Assert.java:121)
	at com.consol.citrus.validation.json.JsonTextMessageValidator.validateJson(JsonTextMessageValidator.java:211)
	at com.consol.citrus.validation.json.JsonTextMessageValidator.validateMessage(JsonTextMessageValidator.java:102)
	... 65 more
22:31:13,414 INFO  port.LoggingReporter| ------------------------------------------------------------------------
22:31:13,414 INFO  port.LoggingReporter| 
]]></system-out>
  <system-err><![CDATA[]]></system-err>
</testsuite>
